<?xml version="1.0" encoding="UTF-8"?>
<testsuite name="com.zapsoftco.relica.util.ResourceManagerTest" tests="5" skipped="0" failures="0" errors="0" timestamp="2020-04-23T22:30:53" hostname="DESKTOP-QNF5QFB" time="0.607">
  <properties/>
  <testcase name="testGetRemoteResourceRelativeToBaseUrl()" classname="com.zapsoftco.relica.util.ResourceManagerTest" time="0.091"/>
  <testcase name="testGetRemoteResourceWithAbsoluteUrl()" classname="com.zapsoftco.relica.util.ResourceManagerTest" time="0.002"/>
  <testcase name="testGetLocalResource()" classname="com.zapsoftco.relica.util.ResourceManagerTest" time="0.009"/>
  <testcase name="testGetApplicationProperties()" classname="com.zapsoftco.relica.util.ResourceManagerTest" time="0.004"/>
  <testcase name="testGetResourceAsJson()" classname="com.zapsoftco.relica.util.ResourceManagerTest" time="0.49"/>
  <system-out><![CDATA[]]></system-out>
  <system-err><![CDATA[]]></system-err>
</testsuite>
